$ wrk -t4 -c4 -d60s -R3000 -s ./src/main/resources/wrk/get.lua --latency http://localhost:8080
Running 1m test @ http://localhost:8080
  4 threads and 4 connections
  Thread calibration: mean lat.: 0.975ms, rate sampling interval: 10ms
  Thread calibration: mean lat.: 0.994ms, rate sampling interval: 10ms
  Thread calibration: mean lat.: 0.999ms, rate sampling interval: 10ms
  Thread calibration: mean lat.: 0.970ms, rate sampling interval: 10ms
  Thread Stats   Avg      Stdev     Max   +/- Stdev
    Latency     0.99ms  401.31us  15.43ms   69.65%
    Req/Sec   786.71     62.61     1.55k    64.33%
  Latency Distribution (HdrHistogram - Recorded Latency)
 50.000%    0.98ms
 75.000%    1.28ms
 90.000%    1.46ms
 99.000%    1.71ms
 99.900%    2.05ms
 99.990%   11.22ms
 99.999%   14.64ms
100.000%   15.44ms

  Detailed Percentile spectrum:
       Value   Percentile   TotalCount 1/(1-Percentile)

       0.065     0.000000            1         1.00
       0.521     0.100000        15028         1.11
       0.646     0.200000        30010         1.25
       0.756     0.300000        45048         1.43
       0.869     0.400000        60072         1.67
       0.981     0.500000        75036         2.00
       1.043     0.550000        82567         2.22
       1.102     0.600000        89999         2.50
       1.162     0.650000        97547         2.86
       1.220     0.700000       105057         3.33
       1.277     0.750000       112537         4.00
       1.306     0.775000       116342         4.44
       1.334     0.800000       120125         5.00
       1.366     0.825000       123845         5.71
       1.397     0.850000       127521         6.67
       1.430     0.875000       131300         8.00
       1.446     0.887500       133146         8.89
       1.464     0.900000       135011        10.00
       1.485     0.912500       136932        11.43
       1.507     0.925000       138783        13.33
       1.533     0.937500       140672        16.00
       1.546     0.943750       141593        17.78
       1.559     0.950000       142488        20.00
       1.573     0.956250       143477        22.86
       1.589     0.962500       144385        26.67
       1.608     0.968750       145313        32.00
       1.618     0.971875       145776        35.56
       1.630     0.975000       146254        40.00
       1.643     0.978125       146724        45.71
       1.657     0.981250       147183        53.33
       1.671     0.984375       147655        64.00
       1.680     0.985938       147884        71.11
       1.689     0.987500       148118        80.00
       1.699     0.989062       148359        91.43
       1.710     0.990625       148589       106.67
       1.724     0.992188       148812       128.00
       1.733     0.992969       148940       142.22
       1.742     0.993750       149052       160.00
       1.753     0.994531       149167       182.86
       1.763     0.995313       149281       213.33
       1.779     0.996094       149401       256.00
       1.790     0.996484       149459       284.44
       1.801     0.996875       149521       320.00
       1.814     0.997266       149575       365.71
       1.831     0.997656       149636       426.67
       1.854     0.998047       149692       512.00
       1.867     0.998242       149720       568.89
       1.890     0.998437       149749       640.00
       1.921     0.998633       149778       731.43
       1.969     0.998828       149808       853.33
       2.083     0.999023       149837      1024.00
       2.235     0.999121       149852      1137.78
       2.367     0.999219       149866      1280.00
       3.065     0.999316       149881      1462.86
       3.799     0.999414       149896      1706.67
       4.831     0.999512       149910      2048.00
       5.715     0.999561       149918      2275.56
       6.187     0.999609       149925      2560.00
       6.915     0.999658       149932      2925.71
       7.511     0.999707       149940      3413.33
       8.147     0.999756       149947      4096.00
       8.471     0.999780       149951      4551.11
       8.847     0.999805       149954      5120.00
       9.175     0.999829       149958      5851.43
      10.015     0.999854       149962      6826.67
      10.543     0.999878       149965      8192.00
      10.791     0.999890       149967      9102.22
      11.335     0.999902       149969     10240.00
      11.927     0.999915       149971     11702.86
      12.463     0.999927       149973     13653.33
      12.679     0.999939       149974     16384.00
      12.895     0.999945       149975     18204.44
      13.295     0.999951       149976     20480.00
      13.519     0.999957       149977     23405.71
      13.647     0.999963       149978     27306.67
      13.887     0.999969       149979     32768.00
      13.887     0.999973       149979     36408.89
      14.263     0.999976       149980     40960.00
      14.263     0.999979       149980     46811.43
      14.495     0.999982       149981     54613.33
      14.495     0.999985       149981     65536.00
      14.495     0.999986       149981     72817.78
      14.639     0.999988       149982     81920.00
      14.639     0.999989       149982     93622.86
      14.639     0.999991       149982    109226.67
      14.639     0.999992       149982    131072.00
      14.639     0.999993       149982    145635.56
      15.439     0.999994       149983    163840.00
      15.439     1.000000       149983          inf
#[Mean    =        0.994, StdDeviation   =        0.401]
#[Max     =       15.432, Total count    =       149983]
#[Buckets =           27, SubBuckets     =         2048]
----------------------------------------------------------
  180000 requests in 1.00m, 14.25MB read
  Non-2xx or 3xx responses: 180000
Requests/sec:   3000.03
Transfer/sec:    243.17KB