$ wrk -t4 -c4 -d60s -R3000 -s ./src/main/resources/wrk/put.lua --latency http://localhost:8080
Running 1m test @ http://localhost:8080
  4 threads and 4 connections
  Thread calibration: mean lat.: 1.062ms, rate sampling interval: 10ms
  Thread calibration: mean lat.: 1.077ms, rate sampling interval: 10ms
  Thread calibration: mean lat.: 1.057ms, rate sampling interval: 10ms
  Thread calibration: mean lat.: 1.058ms, rate sampling interval: 10ms
  Thread Stats   Avg      Stdev     Max   +/- Stdev
    Latency     1.12ms  432.21us  12.51ms   73.05%
    Req/Sec   793.96     65.36     1.60k    63.04%
  Latency Distribution (HdrHistogram - Recorded Latency)
 50.000%    1.11ms
 75.000%    1.40ms
 90.000%    1.60ms
 99.000%    1.87ms
 99.900%    5.52ms
 99.990%    9.72ms
 99.999%   11.94ms
100.000%   12.52ms

  Detailed Percentile spectrum:
       Value   Percentile   TotalCount 1/(1-Percentile)

       0.104     0.000000            1         1.00
       0.629     0.100000        15051         1.11
       0.767     0.200000        30020         1.25
       0.886     0.300000        45021         1.43
       0.999     0.400000        60082         1.67
       1.114     0.500000        75086         2.00
       1.169     0.550000        82621         2.22
       1.224     0.600000        90037         2.50
       1.280     0.650000        97543         2.86
       1.338     0.700000       105073         3.33
       1.396     0.750000       112515         4.00
       1.430     0.775000       116314         4.44
       1.462     0.800000       120046         5.00
       1.494     0.825000       123850         5.71
       1.527     0.850000       127592         6.67
       1.563     0.875000       131333         8.00
       1.582     0.887500       133156         8.89
       1.604     0.900000       135014        10.00
       1.626     0.912500       136865        11.43
       1.649     0.925000       138755        13.33
       1.673     0.937500       140611        16.00
       1.686     0.943750       141572        17.78
       1.699     0.950000       142482        20.00
       1.715     0.956250       143432        22.86
       1.732     0.962500       144403        26.67
       1.752     0.968750       145329        32.00
       1.762     0.971875       145769        35.56
       1.775     0.975000       146239        40.00
       1.788     0.978125       146724        45.71
       1.803     0.981250       147182        53.33
       1.821     0.984375       147651        64.00
       1.830     0.985938       147870        71.11
       1.842     0.987500       148119        80.00
       1.856     0.989062       148346        91.43
       1.871     0.990625       148577       106.67
       1.892     0.992188       148809       128.00
       1.904     0.992969       148928       142.22
       1.921     0.993750       149048       160.00
       1.938     0.994531       149164       182.86
       1.959     0.995313       149279       213.33
       1.987     0.996094       149397       256.00
       2.007     0.996484       149452       284.44
       2.041     0.996875       149512       320.00
       2.093     0.997266       149570       365.71
       2.191     0.997656       149629       426.67
       2.473     0.998047       149687       512.00
       2.977     0.998242       149716       568.89
       3.527     0.998437       149745       640.00
       4.195     0.998633       149774       731.43
       4.979     0.998828       149804       853.33
       5.695     0.999023       149833      1024.00
       6.115     0.999121       149848      1137.78
       6.487     0.999219       149862      1280.00
       6.847     0.999316       149877      1462.86
       7.203     0.999414       149892      1706.67
       7.627     0.999512       149906      2048.00
       7.779     0.999561       149914      2275.56
       7.887     0.999609       149921      2560.00
       8.199     0.999658       149928      2925.71
       8.503     0.999707       149936      3413.33
       8.703     0.999756       149944      4096.00
       8.767     0.999780       149947      4551.11
       8.863     0.999805       149950      5120.00
       8.999     0.999829       149954      5851.43
       9.255     0.999854       149958      6826.67
       9.535     0.999878       149961      8192.00
       9.639     0.999890       149963      9102.22
       9.871     0.999902       149965     10240.00
      10.151     0.999915       149967     11702.86
      10.303     0.999927       149969     13653.33
      10.423     0.999939       149970     16384.00
      10.575     0.999945       149971     18204.44
      10.583     0.999951       149972     20480.00
      10.863     0.999957       149973     23405.71
      11.127     0.999963       149974     27306.67
      11.463     0.999969       149975     32768.00
      11.463     0.999973       149975     36408.89
      11.551     0.999976       149976     40960.00
      11.551     0.999979       149976     46811.43
      11.847     0.999982       149977     54613.33
      11.847     0.999985       149977     65536.00
      11.847     0.999986       149977     72817.78
      11.943     0.999988       149978     81920.00
      11.943     0.999989       149978     93622.86
      11.943     0.999991       149978    109226.67
      11.943     0.999992       149978    131072.00
      11.943     0.999993       149978    145635.56
      12.519     0.999994       149979    163840.00
      12.519     1.000000       149979          inf
#[Mean    =        1.122, StdDeviation   =        0.432]
#[Max     =       12.512, Total count    =       149979]
#[Buckets =           27, SubBuckets     =         2048]
----------------------------------------------------------
  179997 requests in 1.00m, 11.50MB read
Requests/sec:   3000.02
Transfer/sec:    196.29KB