$ wrk -t4 -c4 -d60s -R3000 -s ./wrk/get.lua --latency http://localhost:8080
Running 1m test @ http://localhost:8080
  4 threads and 4 connections
  Thread calibration: mean lat.: 1.042ms, rate sampling interval: 10ms
  Thread calibration: mean lat.: 1.053ms, rate sampling interval: 10ms
  Thread calibration: mean lat.: 1.050ms, rate sampling interval: 10ms
  Thread calibration: mean lat.: 1.060ms, rate sampling interval: 10ms
  Thread Stats   Avg      Stdev     Max   +/- Stdev
    Latency     1.09ms  400.54us  16.10ms   69.13%
    Req/Sec   793.75     65.10     2.00k    59.32%
  Latency Distribution (HdrHistogram - Recorded Latency)
 50.000%    1.07ms
 75.000%    1.37ms
 90.000%    1.57ms
 99.000%    1.82ms
 99.900%    2.30ms
 99.990%   12.30ms
 99.999%   15.83ms
100.000%   16.11ms

  Detailed Percentile spectrum:
       Value   Percentile   TotalCount 1/(1-Percentile)

       0.105     0.000000            1         1.00
       0.616     0.100000        15011         1.11
       0.735     0.200000        30090         1.25
       0.844     0.300000        45084         1.43
       0.958     0.400000        60124         1.67
       1.072     0.500000        74994         2.00
       1.131     0.550000        82581         2.22
       1.189     0.600000        90007         2.50
       1.249     0.650000        97520         2.86
       1.309     0.700000       105016         3.33
       1.370     0.750000       112616         4.00
       1.400     0.775000       116319         4.44
       1.430     0.800000       120091         5.00
       1.461     0.825000       123857         5.71
       1.493     0.850000       127527         6.67
       1.531     0.875000       131299         8.00
       1.552     0.887500       133177         8.89
       1.572     0.900000       135022        10.00
       1.591     0.912500       136863        11.43
       1.612     0.925000       138761        13.33
       1.636     0.937500       140634        16.00
       1.649     0.943750       141618        17.78
       1.662     0.950000       142534        20.00
       1.676     0.956250       143437        22.86
       1.693     0.962500       144402        26.67
       1.711     0.968750       145315        32.00
       1.721     0.971875       145771        35.56
       1.732     0.975000       146261        40.00
       1.744     0.978125       146703        45.71
       1.758     0.981250       147168        53.33
       1.777     0.984375       147646        64.00
       1.787     0.985938       147886        71.11
       1.797     0.987500       148109        80.00
       1.809     0.989062       148351        91.43
       1.823     0.990625       148578       106.67
       1.839     0.992188       148812       128.00
       1.850     0.992969       148928       142.22
       1.861     0.993750       149051       160.00
       1.873     0.994531       149160       182.86
       1.888     0.995313       149281       213.33
       1.907     0.996094       149404       256.00
       1.919     0.996484       149460       284.44
       1.934     0.996875       149514       320.00
       1.955     0.997266       149570       365.71
       1.980     0.997656       149629       426.67
       2.022     0.998047       149688       512.00
       2.042     0.998242       149717       568.89
       2.069     0.998437       149746       640.00
       2.123     0.998633       149776       731.43
       2.215     0.998828       149805       853.33
       2.321     0.999023       149834      1024.00
       2.427     0.999121       149849      1137.78
       2.611     0.999219       149863      1280.00
       2.781     0.999316       149878      1462.86
       3.083     0.999414       149893      1706.67
       3.261     0.999512       149907      2048.00
       3.687     0.999561       149915      2275.56
       4.053     0.999609       149922      2560.00
       4.299     0.999658       149929      2925.71
       5.323     0.999707       149937      3413.33
       6.427     0.999756       149944      4096.00
       7.511     0.999780       149948      4551.11
       8.447     0.999805       149951      5120.00
       9.575     0.999829       149955      5851.43
      10.639     0.999854       149959      6826.67
      11.167     0.999878       149962      8192.00
      11.895     0.999890       149964      9102.22
      12.303     0.999902       149966     10240.00
      12.911     0.999915       149968     11702.86
      13.407     0.999927       149970     13653.33
      13.847     0.999939       149971     16384.00
      14.039     0.999945       149972     18204.44
      14.351     0.999951       149973     20480.00
      14.455     0.999957       149974     23405.71
      14.847     0.999963       149975     27306.67
      15.143     0.999969       149976     32768.00
      15.143     0.999973       149976     36408.89
      15.319     0.999976       149977     40960.00
      15.319     0.999979       149977     46811.43
      15.343     0.999982       149978     54613.33
      15.343     0.999985       149978     65536.00
      15.343     0.999986       149978     72817.78
      15.831     0.999988       149979     81920.00
      15.831     0.999989       149979     93622.86
      15.831     0.999991       149979    109226.67
      15.831     0.999992       149979    131072.00
      15.831     0.999993       149979    145635.56
      16.111     0.999994       149980    163840.00
      16.111     1.000000       149980          inf
#[Mean    =        1.086, StdDeviation   =        0.401]
#[Max     =       16.104, Total count    =       149980]
#[Buckets =           27, SubBuckets     =         2048]
----------------------------------------------------------
  179997 requests in 1.00m, 11.46MB read
  Non-2xx or 3xx responses: 1
Requests/sec:   2999.84
Transfer/sec:    195.56KB
