$ wrk -t4 -c4 -d60s -R3000 -s ./wrk/get.lua --latency http://localhost:8080
Running 1m test @ http://localhost:8080
  4 threads and 4 connections
  Thread calibration: mean lat.: 1.023ms, rate sampling interval: 10ms
  Thread calibration: mean lat.: 1.031ms, rate sampling interval: 10ms
  Thread calibration: mean lat.: 1.022ms, rate sampling interval: 10ms
  Thread calibration: mean lat.: 1.019ms, rate sampling interval: 10ms
  Thread Stats   Avg      Stdev     Max   +/- Stdev
    Latency     1.06ms  442.27us  15.83ms   73.24%
    Req/Sec   790.76     68.63     2.11k    60.84%
  Latency Distribution (HdrHistogram - Recorded Latency)
 50.000%    1.04ms
 75.000%    1.35ms
 90.000%    1.55ms
 99.000%    1.84ms
 99.900%    4.24ms
 99.990%   13.23ms
 99.999%   15.75ms
100.000%   15.84ms

  Detailed Percentile spectrum:
       Value   Percentile   TotalCount 1/(1-Percentile)

       0.092     0.000000            1         1.00
       0.571     0.100000        15033         1.11
       0.696     0.200000        30046         1.25
       0.807     0.300000        45078         1.43
       0.922     0.400000        60125         1.67
       1.039     0.500000        75109         2.00
       1.097     0.550000        82524         2.22
       1.158     0.600000        90075         2.50
       1.218     0.650000        97582         2.86
       1.285     0.700000       105067         3.33
       1.347     0.750000       112486         4.00
       1.380     0.775000       116268         4.44
       1.413     0.800000       120012         5.00
       1.446     0.825000       123774         5.71
       1.480     0.850000       127510         6.67
       1.516     0.875000       131255         8.00
       1.535     0.887500       133206         8.89
       1.554     0.900000       135007        10.00
       1.576     0.912500       136915        11.43
       1.599     0.925000       138760        13.33
       1.626     0.937500       140661        16.00
       1.640     0.943750       141583        17.78
       1.656     0.950000       142546        20.00
       1.671     0.956250       143426        22.86
       1.688     0.962500       144367        26.67
       1.709     0.968750       145330        32.00
       1.721     0.971875       145771        35.56
       1.734     0.975000       146261        40.00
       1.748     0.978125       146724        45.71
       1.765     0.981250       147187        53.33
       1.785     0.984375       147653        64.00
       1.797     0.985938       147884        71.11
       1.811     0.987500       148119        80.00
       1.825     0.989062       148342        91.43
       1.843     0.990625       148588       106.67
       1.867     0.992188       148815       128.00
       1.882     0.992969       148931       142.22
       1.898     0.993750       149044       160.00
       1.925     0.994531       149163       182.86
       1.950     0.995313       149281       213.33
       1.998     0.996094       149396       256.00
       2.045     0.996484       149455       284.44
       2.101     0.996875       149515       320.00
       2.195     0.997266       149571       365.71
       2.353     0.997656       149630       426.67
       2.689     0.998047       149689       512.00
       2.845     0.998242       149718       568.89
       3.103     0.998437       149747       640.00
       3.421     0.998633       149776       731.43
       3.873     0.998828       149806       853.33
       4.367     0.999023       149835      1024.00
       4.651     0.999121       149850      1137.78
       4.931     0.999219       149865      1280.00
       5.351     0.999316       149879      1462.86
       5.815     0.999414       149894      1706.67
       6.423     0.999512       149908      2048.00
       6.859     0.999561       149916      2275.56
       7.139     0.999609       149923      2560.00
       7.983     0.999658       149930      2925.71
       8.983     0.999707       149938      3413.33
       9.727     0.999756       149945      4096.00
      10.303     0.999780       149949      4551.11
      10.767     0.999805       149952      5120.00
      11.447     0.999829       149956      5851.43
      12.071     0.999854       149960      6826.67
      12.415     0.999878       149963      8192.00
      12.983     0.999890       149965      9102.22
      13.239     0.999902       149967     10240.00
      13.383     0.999915       149969     11702.86
      13.951     0.999927       149971     13653.33
      14.223     0.999939       149972     16384.00
      14.239     0.999945       149973     18204.44
      14.399     0.999951       149974     20480.00
      14.735     0.999957       149975     23405.71
      14.967     0.999963       149976     27306.67
      15.039     0.999969       149977     32768.00
      15.039     0.999973       149977     36408.89
      15.111     0.999976       149978     40960.00
      15.111     0.999979       149978     46811.43
      15.375     0.999982       149979     54613.33
      15.375     0.999985       149979     65536.00
      15.375     0.999986       149979     72817.78
      15.751     0.999988       149980     81920.00
      15.751     0.999989       149980     93622.86
      15.751     0.999991       149980    109226.67
      15.751     0.999992       149980    131072.00
      15.751     0.999993       149980    145635.56
      15.839     0.999994       149981    163840.00
      15.839     1.000000       149981          inf
#[Mean    =        1.060, StdDeviation   =        0.442]
#[Max     =       15.832, Total count    =       149981]
#[Buckets =           27, SubBuckets     =         2048]
----------------------------------------------------------
  179998 requests in 1.00m, 11.46MB read
  Non-2xx or 3xx responses: 1
Requests/sec:   2999.91
Transfer/sec:    195.56KB
