$ wrk -t4 -c4 -d60s -R3000 -s ./wrk/put.lua --latency http://localhost:8080
Running 1m test @ http://localhost:8080
  4 threads and 4 connections
  Thread calibration: mean lat.: 1.234ms, rate sampling interval: 10ms
  Thread calibration: mean lat.: 1.255ms, rate sampling interval: 10ms
  Thread calibration: mean lat.: 1.241ms, rate sampling interval: 10ms
  Thread calibration: mean lat.: 1.245ms, rate sampling interval: 10ms
  Thread Stats   Avg      Stdev     Max   +/- Stdev
    Latency     1.19ms  453.67us  11.93ms   73.28%
    Req/Sec   791.27     62.62     1.55k    66.48%
  Latency Distribution (HdrHistogram - Recorded Latency)
 50.000%    1.16ms
 75.000%    1.48ms
 90.000%    1.69ms
 99.000%    2.02ms
 99.900%    5.78ms
 99.990%    9.28ms
 99.999%   11.03ms
100.000%   11.94ms

  Detailed Percentile spectrum:
       Value   Percentile   TotalCount 1/(1-Percentile)

       0.081     0.000000            1         1.00
       0.681     0.100000        15032         1.11
       0.812     0.200000        30017         1.25
       0.927     0.300000        45016         1.43
       1.042     0.400000        60039         1.67
       1.163     0.500000        75095         2.00
       1.223     0.550000        82555         2.22
       1.288     0.600000        90101         2.50
       1.350     0.650000        97591         2.86
       1.415     0.700000       105034         3.33
       1.481     0.750000       112575         4.00
       1.513     0.775000       116337         4.44
       1.547     0.800000       120076         5.00
       1.580     0.825000       123734         5.71
       1.616     0.850000       127554         6.67
       1.652     0.875000       131249         8.00
       1.673     0.887500       133140         8.89
       1.694     0.900000       135019        10.00
       1.718     0.912500       136920        11.43
       1.742     0.925000       138792        13.33
       1.768     0.937500       140605        16.00
       1.783     0.943750       141553        17.78
       1.800     0.950000       142506        20.00
       1.818     0.956250       143424        22.86
       1.840     0.962500       144361        26.67
       1.865     0.968750       145307        32.00
       1.877     0.971875       145777        35.56
       1.891     0.975000       146258        40.00
       1.908     0.978125       146716        45.71
       1.929     0.981250       147179        53.33
       1.952     0.984375       147640        64.00
       1.966     0.985938       147877        71.11
       1.983     0.987500       148108        80.00
       2.004     0.989062       148351        91.43
       2.025     0.990625       148574       106.67
       2.059     0.992188       148815       128.00
       2.079     0.992969       148931       142.22
       2.111     0.993750       149044       160.00
       2.155     0.994531       149161       182.86
       2.219     0.995313       149275       213.33
       2.373     0.996094       149396       256.00
       2.495     0.996484       149451       284.44
       2.675     0.996875       149511       320.00
       2.965     0.997266       149568       365.71
       3.405     0.997656       149628       426.67
       3.933     0.998047       149686       512.00
       4.267     0.998242       149715       568.89
       4.591     0.998437       149744       640.00
       4.995     0.998633       149773       731.43
       5.371     0.998828       149803       853.33
       5.811     0.999023       149833      1024.00
       6.115     0.999121       149848      1137.78
       6.391     0.999219       149861      1280.00
       6.771     0.999316       149876      1462.86
       7.087     0.999414       149891      1706.67
       7.291     0.999512       149905      2048.00
       7.527     0.999561       149913      2275.56
       7.843     0.999609       149920      2560.00
       7.951     0.999658       149927      2925.71
       8.123     0.999707       149935      3413.33
       8.335     0.999756       149942      4096.00
       8.551     0.999780       149946      4551.11
       8.799     0.999805       149949      5120.00
       8.831     0.999829       149953      5851.43
       8.959     0.999854       149957      6826.67
       9.079     0.999878       149960      8192.00
       9.087     0.999890       149962      9102.22
       9.287     0.999902       149964     10240.00
       9.367     0.999915       149966     11702.86
       9.663     0.999927       149968     13653.33
       9.927     0.999939       149969     16384.00
       9.943     0.999945       149970     18204.44
      10.079     0.999951       149972     20480.00
      10.079     0.999957       149972     23405.71
      10.207     0.999963       149973     27306.67
      10.415     0.999969       149974     32768.00
      10.415     0.999973       149974     36408.89
      10.671     0.999976       149975     40960.00
      10.671     0.999979       149975     46811.43
      10.991     0.999982       149976     54613.33
      10.991     0.999985       149976     65536.00
      10.991     0.999986       149976     72817.78
      11.031     0.999988       149977     81920.00
      11.031     0.999989       149977     93622.86
      11.031     0.999991       149977    109226.67
      11.031     0.999992       149977    131072.00
      11.031     0.999993       149977    145635.56
      11.935     0.999994       149978    163840.00
      11.935     1.000000       149978          inf
#[Mean    =        1.188, StdDeviation   =        0.454]
#[Max     =       11.928, Total count    =       149978]
#[Buckets =           27, SubBuckets     =         2048]
----------------------------------------------------------
  179995 requests in 1.00m, 11.50MB read
Requests/sec:   3000.00
Transfer/sec:    196.29KB
