$ wrk -t4 -c4 -d60s -R3000 -s ./wrk/put.lua --latency http://localhost:8080
Running 1m test @ http://localhost:8080
  4 threads and 4 connections
  Thread calibration: mean lat.: 1.365ms, rate sampling interval: 10ms
  Thread calibration: mean lat.: 1.347ms, rate sampling interval: 10ms
  Thread calibration: mean lat.: 1.355ms, rate sampling interval: 10ms
  Thread calibration: mean lat.: 1.343ms, rate sampling interval: 10ms
  Thread Stats   Avg      Stdev     Max   +/- Stdev
    Latency     1.20ms  452.07us  13.58ms   75.04%
    Req/Sec   790.15     61.83     1.67k    67.35%
  Latency Distribution (HdrHistogram - Recorded Latency)
 50.000%    1.18ms
 75.000%    1.48ms
 90.000%    1.69ms
 99.000%    2.00ms
 99.900%    5.86ms
 99.990%   10.69ms
 99.999%   13.38ms
100.000%   13.58ms

  Detailed Percentile spectrum:
       Value   Percentile   TotalCount 1/(1-Percentile)

       0.089     0.000000            1         1.00
       0.712     0.100000        14998         1.11
       0.848     0.200000        30102         1.25
       0.962     0.300000        45050         1.43
       1.073     0.400000        60049         1.67
       1.184     0.500000        75025         2.00
       1.238     0.550000        82494         2.22
       1.296     0.600000        90053         2.50
       1.357     0.650000        97543         2.86
       1.416     0.700000       104983         3.33
       1.480     0.750000       112487         4.00
       1.512     0.775000       116304         4.44
       1.544     0.800000       120056         5.00
       1.580     0.825000       123748         5.71
       1.617     0.850000       127497         6.67
       1.653     0.875000       131254         8.00
       1.673     0.887500       133110         8.89
       1.694     0.900000       135034        10.00
       1.716     0.912500       136895        11.43
       1.739     0.925000       138778        13.33
       1.765     0.937500       140659        16.00
       1.778     0.943750       141539        17.78
       1.794     0.950000       142505        20.00
       1.810     0.956250       143422        22.86
       1.830     0.962500       144401        26.67
       1.852     0.968750       145302        32.00
       1.865     0.971875       145788        35.56
       1.878     0.975000       146226        40.00
       1.895     0.978125       146704        45.71
       1.916     0.981250       147167        53.33
       1.942     0.984375       147652        64.00
       1.954     0.985938       147867        71.11
       1.971     0.987500       148111        80.00
       1.989     0.989062       148348        91.43
       2.014     0.990625       148573       106.67
       2.051     0.992188       148806       128.00
       2.077     0.992969       148924       142.22
       2.109     0.993750       149038       160.00
       2.157     0.994531       149155       182.86
       2.251     0.995313       149273       213.33
       2.459     0.996094       149390       256.00
       2.657     0.996484       149448       284.44
       2.877     0.996875       149507       320.00
       3.157     0.997266       149565       365.71
       3.605     0.997656       149624       426.67
       3.975     0.998047       149683       512.00
       4.395     0.998242       149712       568.89
       4.695     0.998437       149741       640.00
       5.015     0.998633       149770       731.43
       5.551     0.998828       149800       853.33
       5.919     0.999023       149829      1024.00
       6.319     0.999121       149844      1137.78
       6.587     0.999219       149858      1280.00
       6.871     0.999316       149873      1462.86
       7.175     0.999414       149888      1706.67
       7.571     0.999512       149902      2048.00
       7.723     0.999561       149912      2275.56
       7.843     0.999609       149917      2560.00
       8.023     0.999658       149924      2925.71
       8.239     0.999707       149932      3413.33
       8.375     0.999756       149940      4096.00
       8.559     0.999780       149943      4551.11
       8.775     0.999805       149946      5120.00
       9.135     0.999829       149950      5851.43
       9.759     0.999854       149954      6826.67
      10.175     0.999878       149957      8192.00
      10.655     0.999890       149959      9102.22
      10.751     0.999902       149961     10240.00
      11.175     0.999915       149963     11702.86
      11.535     0.999927       149965     13653.33
      11.695     0.999939       149966     16384.00
      11.703     0.999945       149967     18204.44
      12.119     0.999951       149968     20480.00
      12.167     0.999957       149969     23405.71
      12.383     0.999963       149970     27306.67
      12.543     0.999969       149971     32768.00
      12.543     0.999973       149971     36408.89
      12.967     0.999976       149972     40960.00
      12.967     0.999979       149972     46811.43
      13.159     0.999982       149973     54613.33
      13.159     0.999985       149973     65536.00
      13.159     0.999986       149973     72817.78
      13.383     0.999988       149974     81920.00
      13.383     0.999989       149974     93622.86
      13.383     0.999991       149974    109226.67
      13.383     0.999992       149974    131072.00
      13.383     0.999993       149974    145635.56
      13.583     0.999994       149975    163840.00
      13.583     1.000000       149975          inf
#[Mean    =        1.205, StdDeviation   =        0.452]
#[Max     =       13.576, Total count    =       149975]
#[Buckets =           27, SubBuckets     =         2048]
----------------------------------------------------------
  179992 requests in 1.00m, 11.50MB read
Requests/sec:   3000.01
Transfer/sec:    196.29KB
